[debug] [2018-10-31T16:32:45.530Z] ----------------------------------------------------------------------
[debug] [2018-10-31T16:32:45.532Z] Command:       C:\Program Files\nodejs\node.exe C:\Users\cbfca\AppData\Roaming\npm\node_modules\firebase-tools\lib\bin\firebase.js deploy
[debug] [2018-10-31T16:32:45.533Z] CLI Version:   6.0.0
[debug] [2018-10-31T16:32:45.533Z] Platform:      win32
[debug] [2018-10-31T16:32:45.533Z] Node Version:  v10.3.0
[debug] [2018-10-31T16:32:45.533Z] Time:          Wed Oct 31 2018 13:32:45 GMT-0300 (Hora oficial do Brasil)
[debug] [2018-10-31T16:32:45.534Z] ----------------------------------------------------------------------
[debug] 
[debug] [2018-10-31T16:32:45.547Z] > command requires scopes: ["email","openid","https://www.googleapis.com/auth/cloudplatformprojects.readonly","https://www.googleapis.com/auth/firebase","https://www.googleapis.com/auth/cloud-platform"]
[debug] [2018-10-31T16:32:45.547Z] > authorizing via signed-in user
[debug] [2018-10-31T16:32:45.548Z] [iam] checking project angular-js-2e9d4 for permissions ["firebase.projects.get","firebasehosting.sites.update"]
[debug] [2018-10-31T16:32:45.550Z] >>> HTTP REQUEST POST https://cloudresourcemanager.googleapis.com/v1/projects/angular-js-2e9d4:testIamPermissions  

[debug] [2018-10-31T16:32:46.543Z] <<< HTTP RESPONSE 200
[debug] [2018-10-31T16:32:46.544Z] >>> HTTP REQUEST GET https://firebase.googleapis.com/v1beta1/projects/angular-js-2e9d4  
 
[debug] [2018-10-31T16:32:46.597Z] Error: unable to get local issuer certificate
    at TLSSocket.onConnectSecure (_tls_wrap.js:1055:34)
    at TLSSocket.emit (events.js:182:13)
    at TLSSocket.EventEmitter.emit (domain.js:442:20)
    at TLSSocket._finishInit (_tls_wrap.js:635:8)
[error] 
[error] Error: Server Error. unable to get local issuer certificate
